Using pre-set license
Built from 'trunk' branch; Version is '6000.0.21f1 (e2bacb8dee3a) revision 14858955'; Using compiler version '193933523'; Build Type 'Release'
OS: 'Windows 11  (10.0.22631) 64bit Core' Language: 'en' Physical Memory: 32509 MB
BatchMode: 1, IsHumanControllingUs: 0, StartBugReporterOnCrash: 0, Is64bit: 1, IsPro: 1

COMMAND LINE ARGUMENTS:
C:\Program Files\Unity\Hub\Editor\6000.0.21f1\Editor\Unity.exe
-adb2
-batchMode
-noUpm
-name
AssetImportWorker6
-projectPath
C:/Users/User/CodeLah
-logFile
Logs/AssetImportWorker6.log
-srvPort
51412
-job-worker-count
9
-background-job-worker-count
8
-asset-garbage-collectors
1
Successfully changed project path to: C:/Users/User/CodeLah
C:/Users/User/CodeLah
[UnityMemory] Configuration Parameters - Can be set up in boot.config
    "memorysetup-bucket-allocator-granularity=16"
    "memorysetup-bucket-allocator-bucket-count=8"
    "memorysetup-bucket-allocator-block-size=33554432"
    "memorysetup-bucket-allocator-block-count=8"
    "memorysetup-main-allocator-block-size=16777216"
    "memorysetup-thread-allocator-block-size=16777216"
    "memorysetup-gfx-main-allocator-block-size=16777216"
    "memorysetup-gfx-thread-allocator-block-size=16777216"
    "memorysetup-cache-allocator-block-size=4194304"
    "memorysetup-typetree-allocator-block-size=2097152"
    "memorysetup-profiler-bucket-allocator-granularity=16"
    "memorysetup-profiler-bucket-allocator-bucket-count=8"
    "memorysetup-profiler-bucket-allocator-block-size=33554432"
    "memorysetup-profiler-bucket-allocator-block-count=8"
    "memorysetup-profiler-allocator-block-size=16777216"
    "memorysetup-profiler-editor-allocator-block-size=1048576"
    "memorysetup-temp-allocator-size-main=16777216"
    "memorysetup-job-temp-allocator-block-size=2097152"
    "memorysetup-job-temp-allocator-block-size-background=1048576"
    "memorysetup-job-temp-allocator-reduction-small-platforms=262144"
    "memorysetup-allocator-temp-initial-block-size-main=262144"
    "memorysetup-allocator-temp-initial-block-size-worker=262144"
    "memorysetup-temp-allocator-size-background-worker=32768"
    "memorysetup-temp-allocator-size-job-worker=262144"
    "memorysetup-temp-allocator-size-preload-manager=33554432"
    "memorysetup-temp-allocator-size-nav-mesh-worker=65536"
    "memorysetup-temp-allocator-size-audio-worker=65536"
    "memorysetup-temp-allocator-size-cloud-worker=32768"
    "memorysetup-temp-allocator-size-gi-baking-worker=262144"
    "memorysetup-temp-allocator-size-gi-baking-worker=262144"
    "memorysetup-temp-allocator-size-gi-baking-worker=262144"
    "memorysetup-temp-allocator-size-gi-baking-worker=262144"
    "memorysetup-temp-allocator-size-gi-baking-worker=262144"
    "memorysetup-temp-allocator-size-gfx=262144"
Player connection [38756]  Target information:

Player connection [38756]  * "[IP] 192.168.1.184 [Port] 0 [Flags] 2 [Guid] 3882517551 [EditorId] 3882517551 [Version] 1048832 [Id] WindowsEditor(7,DESKTOP-1R046TE) [Debug] 1 [PackageName] WindowsEditor [ProjectName] Editor" 

Player connection [38756] Host joined multi-casting on [225.0.0.222:54997]...
Player connection [38756] Host joined alternative multi-casting on [225.0.0.222:34997]...
JobSystem: Creating JobQueue using job-worker-count value 9
[Physics::Module] Initialized fallback backend.
[Physics::Module] Id: 0xdecafbad
Library Redirect Path: Library/
[Physics::Module] Selected backend.
[Physics::Module] Name: PhysX
[Physics::Module] Id: 0xf2b8ea05
[Physics::Module] SDK Version: 4.1.2
[Physics::Module] Integration Version: 1.0.0
[Physics::Module] Threading Mode: Multi-Threaded
Refreshing native plugins compatible for Editor in 100.14 ms, found 6 plugins.
Preloading 0 native plugins for Editor in 0.00 ms.
Initialize engine version: 6000.0.21f1 (e2bacb8dee3a)
[Subsystems] Discovering subsystems at path C:/Program Files/Unity/Hub/Editor/6000.0.21f1/Editor/Data/Resources/UnitySubsystems
[Subsystems] Discovering subsystems at path C:/Users/User/CodeLah/Assets
GfxDevice: creating device client; kGfxThreadingModeNonThreaded
Direct3D:
    Version:  Direct3D 11.0 [level 11.1]
    Renderer: NVIDIA GeForce RTX 3080 (ID=0x2216)
    Vendor:   NVIDIA
    VRAM:     10053 MB
    Driver:   32.0.15.6109
Initialize mono
Mono path[0] = 'C:/Program Files/Unity/Hub/Editor/6000.0.21f1/Editor/Data/Managed'
Mono path[1] = 'C:/Program Files/Unity/Hub/Editor/6000.0.21f1/Editor/Data/MonoBleedingEdge/lib/mono/unityjit-win32'
Mono config path = 'C:/Program Files/Unity/Hub/Editor/6000.0.21f1/Editor/Data/MonoBleedingEdge/etc'
Using monoOptions --debugger-agent=transport=dt_socket,embedding=1,server=y,suspend=n,address=127.0.0.1:56276
Begin MonoManager ReloadAssembly
Registering precompiled unity dll's ...
Register platform support module: C:/Program Files/Unity/Hub/Editor/6000.0.21f1/Editor/Data/PlaybackEngines/WebGLSupport/UnityEditor.WebGL.Extensions.dll
Register platform support module: C:/Program Files/Unity/Hub/Editor/6000.0.21f1/Editor/Data/PlaybackEngines/WindowsStandaloneSupport/UnityEditor.WindowsStandalone.Extensions.dll
Registered in 0.470446 seconds.
- Loaded All Assemblies, in 11.060 seconds
Native extension for WindowsStandalone target not found
Native extension for WebGL target not found
Mono: successfully reloaded assembly
- Finished resetting the current domain, in  0.281 seconds
Domain Reload Profiling: 11339ms
	BeginReloadAssembly (8556ms)
		ExecutionOrderSort (0ms)
		DisableScriptedObjects (0ms)
		BackupInstance (0ms)
		ReleaseScriptingObjects (0ms)
		CreateAndSetChildDomain (1ms)
	RebuildCommonClasses (523ms)
	RebuildNativeTypeToScriptingClass (9ms)
	initialDomainReloadingComplete (505ms)
	LoadAllAssembliesAndSetupDomain (1465ms)
		LoadAssemblies (8554ms)
		RebuildTransferFunctionScriptingTraits (0ms)
		AnalyzeDomain (1462ms)
			TypeCache.Refresh (1461ms)
				TypeCache.ScanAssembly (1122ms)
			BuildScriptInfoCaches (0ms)
			ResolveRequiredComponents (0ms)
	FinalizeReload (282ms)
		ReleaseScriptCaches (0ms)
		RebuildScriptCaches (0ms)
		SetupLoadedEditorAssemblies (249ms)
			LogAssemblyErrors (0ms)
			InitializePlatformSupportModulesInManaged (49ms)
			SetLoadedEditorAssemblies (3ms)
			BeforeProcessingInitializeOnLoad (6ms)
			ProcessInitializeOnLoadAttributes (134ms)
			ProcessInitializeOnLoadMethodAttributes (53ms)
			AfterProcessingInitializeOnLoad (3ms)
			EditorAssembliesLoaded (0ms)
		ExecutionOrderSort2 (0ms)
		AwakeInstancesAfterBackupRestoration (0ms)
========================================================================
Worker process is ready to serve import requests
Import Worker Mode flag is 0x00
Begin MonoManager ReloadAssembly
Assembly 'Assets/ExternalDependencyManager/Editor/1.2.182/Google.IOSResolver.dll' will not be loaded due to errors:
Unable to resolve reference 'UnityEditor.iOS.Extensions.Xcode'. Is the assembly missing or incompatible with the current platform?
Reference validation can be disabled in the Plugin Inspector.
Symbol file LoadedFromMemory is not a mono symbol file
Assembly 'Assets/Firebase/Editor/Firebase.Editor.dll' will not be loaded due to errors:
Unable to resolve reference 'UnityEditor.iOS.Extensions.Xcode'. Is the assembly missing or incompatible with the current platform?
Reference validation can be disabled in the Plugin Inspector.
- Loaded All Assemblies, in  8.075 seconds
Refreshing native plugins compatible for Editor in 7.65 ms, found 6 plugins.
Native extension for WindowsStandalone target not found
Native extension for WebGL target not found
Refreshing native plugins compatible for Editor in 7.11 ms, found 6 plugins.
The project currently uses the compatibility mode where the Render Graph API is disabled. Support for this mode will be removed in future Unity versions. Migrate existing ScriptableRenderPasses to the new RenderGraph API. After the migration, disable the compatibility mode in Edit > Projects Settings > Graphics > Render Graph.
UnityEngine.Debug:ExtractStackTraceNoAlloc (byte*,int,string)
UnityEngine.StackTraceUtility:ExtractStackTrace ()
UnityEngine.DebugLogHandler:Internal_Log (UnityEngine.LogType,UnityEngine.LogOption,string,UnityEngine.Object)
UnityEngine.DebugLogHandler:LogFormat (UnityEngine.LogType,UnityEngine.Object,string,object[])
UnityEngine.Logger:Log (UnityEngine.LogType,object)
UnityEngine.Debug:LogWarning (object)
UnityEngine.Rendering.Universal.WarnUsingNonRenderGraph:EmitConsoleWarning () (at ./Library/PackageCache/com.unity.render-pipelines.universal/Runtime/Data/UniversalRenderPipelineAsset.cs:427)
System.Reflection.RuntimeMethodInfo:Invoke (object,System.Reflection.BindingFlags,System.Reflection.Binder,object[],System.Globalization.CultureInfo)
System.Reflection.MethodBase:Invoke (object,object[])
UnityEditor.EditorAssemblies:ProcessInitializeOnLoadMethodAttributes ()

(Filename: ./Library/PackageCache/com.unity.render-pipelines.universal/Runtime/Data/UniversalRenderPipelineAsset.cs Line: 427)

Mono: successfully reloaded assembly
- Finished resetting the current domain, in  2.316 seconds
Domain Reload Profiling: 10387ms
	BeginReloadAssembly (1308ms)
		ExecutionOrderSort (0ms)
		DisableScriptedObjects (4ms)
		BackupInstance (0ms)
		ReleaseScriptingObjects (0ms)
		CreateAndSetChildDomain (25ms)
	RebuildCommonClasses (28ms)
	RebuildNativeTypeToScriptingClass (9ms)
	initialDomainReloadingComplete (35ms)
	LoadAllAssembliesAndSetupDomain (6691ms)
		LoadAssemblies (5538ms)
		RebuildTransferFunctionScriptingTraits (0ms)
		AnalyzeDomain (1238ms)
			TypeCache.Refresh (1104ms)
				TypeCache.ScanAssembly (1032ms)
			BuildScriptInfoCaches (115ms)
			ResolveRequiredComponents (14ms)
	FinalizeReload (2317ms)
		ReleaseScriptCaches (0ms)
		RebuildScriptCaches (0ms)
		SetupLoadedEditorAssemblies (1678ms)
			LogAssemblyErrors (0ms)
			InitializePlatformSupportModulesInManaged (35ms)
			SetLoadedEditorAssemblies (59ms)
			BeforeProcessingInitializeOnLoad (294ms)
			ProcessInitializeOnLoadAttributes (1100ms)
			ProcessInitializeOnLoadMethodAttributes (176ms)
			AfterProcessingInitializeOnLoad (14ms)
			EditorAssembliesLoaded (0ms)
		ExecutionOrderSort2 (0ms)
		AwakeInstancesAfterBackupRestoration (9ms)
Launched and connected shader compiler UnityShaderCompiler.exe after 0.01 seconds
Refreshing native plugins compatible for Editor in 6.20 ms, found 6 plugins.
Preloading 0 native plugins for Editor in 0.00 ms.
Unloading 259 Unused Serialized files (Serialized files now loaded: 0)
Unloading 7378 unused Assets / (5.4 MB). Loaded Objects now: 8185.
Memory consumption went from 220.5 MB to 215.1 MB.
Total: 14.480400 ms (FindLiveObjects: 0.943400 ms CreateObjectMapping: 1.128400 ms MarkObjects: 9.537800 ms  DeleteObjects: 2.868200 ms)

========================================================================
Received Import Request.
  Time since last request: 22641.681438 seconds.
  path: Assets/Images/—Pngtree—thin line pure black ring_5487780.png
  artifactKey: Guid(cb9d2b39b8a49d74c82e98e9a7d4257f) Importer(815301076,1909f56bfc062723c751e8b465ee728b)
Start importing Assets/Images/—Pngtree—thin line pure black ring_5487780.png using Guid(cb9d2b39b8a49d74c82e98e9a7d4257f) Importer(815301076,1909f56bfc062723c751e8b465ee728b) (PreviewImporter) -> (artifact id: '2568ccd49cf67a309c4ca67b85f3f96f') in 0.0661271 seconds
Number of updated asset objects reloaded before import = 0Number of asset objects unloaded after import = 3

========================================================================
Received Import Request.
  Time since last request: 208.864453 seconds.
  path: Assets/Images/images.png
  artifactKey: Guid(ae6608cdaf73c4744a31d13996375bb7) Importer(815301076,1909f56bfc062723c751e8b465ee728b)
Start importing Assets/Images/images.png using Guid(ae6608cdaf73c4744a31d13996375bb7) Importer(815301076,1909f56bfc062723c751e8b465ee728b) (PreviewImporter) -> (artifact id: '8e09f292cd22ab8fc4813622b6859186') in 0.0177075 seconds
Number of updated asset objects reloaded before import = 0Number of asset objects unloaded after import = 3

========================================================================
Received Import Request.
  Time since last request: 117.421106 seconds.
  path: Assets/Dark UI/Free/Icon Sets.png
  artifactKey: Guid(7747227fc69607f46833ce90b8776f0d) Importer(815301076,1909f56bfc062723c751e8b465ee728b)
Start importing Assets/Dark UI/Free/Icon Sets.png using Guid(7747227fc69607f46833ce90b8776f0d) Importer(815301076,1909f56bfc062723c751e8b465ee728b) (PreviewImporter) -> (artifact id: '7bccbc7d2b832055f40b83bb6e5495eb') in 0.0153307 seconds
Number of updated asset objects reloaded before import = 0Number of asset objects unloaded after import = 3

========================================================================
Received Import Request.
  Time since last request: 0.000018 seconds.
  path: Assets/Dark UI/Free/Inventory.png
  artifactKey: Guid(a551bf3edbe49704a99e4114483bcdbb) Importer(815301076,1909f56bfc062723c751e8b465ee728b)
Start importing Assets/Dark UI/Free/Inventory.png using Guid(a551bf3edbe49704a99e4114483bcdbb) Importer(815301076,1909f56bfc062723c751e8b465ee728b) (PreviewImporter) -> (artifact id: '09fb10e9547a27053b477f02dcaba739') in 0.0114281 seconds
Number of updated asset objects reloaded before import = 0Number of asset objects unloaded after import = 3

========================================================================
Received Import Request.
  Time since last request: 0.000017 seconds.
  path: Assets/Dark UI/Free/Lock.png
  artifactKey: Guid(f9e4c141412ca6345963f9ece84aae0a) Importer(815301076,1909f56bfc062723c751e8b465ee728b)
Start importing Assets/Dark UI/Free/Lock.png using Guid(f9e4c141412ca6345963f9ece84aae0a) Importer(815301076,1909f56bfc062723c751e8b465ee728b) (PreviewImporter) -> (artifact id: '5d48abdf6c6c5df506b24c6e22d9d9a1') in 0.012009 seconds
Number of updated asset objects reloaded before import = 0Number of asset objects unloaded after import = 3

========================================================================
Received Import Request.
  Time since last request: 0.000010 seconds.
  path: Assets/Dark UI/Free/Left Arrow.png
  artifactKey: Guid(210e6a7b28c57aa4e9408866e861895c) Importer(815301076,1909f56bfc062723c751e8b465ee728b)
Start importing Assets/Dark UI/Free/Left Arrow.png using Guid(210e6a7b28c57aa4e9408866e861895c) Importer(815301076,1909f56bfc062723c751e8b465ee728b) (PreviewImporter) -> (artifact id: 'a03a43cdb799a6bce6186682671f9e20') in 0.0104646 seconds
Number of updated asset objects reloaded before import = 0Number of asset objects unloaded after import = 3

========================================================================
Received Import Request.
  Time since last request: 0.000014 seconds.
  path: Assets/Dark UI/Free/InputField.png
  artifactKey: Guid(6cbf273c77eba1a448f3c04ff4292030) Importer(815301076,1909f56bfc062723c751e8b465ee728b)
Start importing Assets/Dark UI/Free/InputField.png using Guid(6cbf273c77eba1a448f3c04ff4292030) Importer(815301076,1909f56bfc062723c751e8b465ee728b) (PreviewImporter) -> (artifact id: '9939e6ac093babeabc7cb146822d628a') in 0.0121635 seconds
Number of updated asset objects reloaded before import = 0Number of asset objects unloaded after import = 3

========================================================================
Received Import Request.
  Time since last request: 0.352194 seconds.
  path: Assets/Dark UI/Free/Messages.png
  artifactKey: Guid(dd8c6245ee19b2345ba3c0ce722a32c0) Importer(815301076,1909f56bfc062723c751e8b465ee728b)
Start importing Assets/Dark UI/Free/Messages.png using Guid(dd8c6245ee19b2345ba3c0ce722a32c0) Importer(815301076,1909f56bfc062723c751e8b465ee728b) (PreviewImporter) -> (artifact id: '0f923797239c101527d199d6e35d8e6e') in 0.030943 seconds
Number of updated asset objects reloaded before import = 0Number of asset objects unloaded after import = 3

========================================================================
Received Import Request.
  Time since last request: 0.000017 seconds.
  path: Assets/Dark UI/Free/Music.png
  artifactKey: Guid(f5f3ad8f35c709e4dabc990b16fd52e9) Importer(815301076,1909f56bfc062723c751e8b465ee728b)
Start importing Assets/Dark UI/Free/Music.png using Guid(f5f3ad8f35c709e4dabc990b16fd52e9) Importer(815301076,1909f56bfc062723c751e8b465ee728b) (PreviewImporter) -> (artifact id: 'ca3de83436a8a5d7cfbe81c969420a2e') in 0.0130313 seconds
Number of updated asset objects reloaded before import = 0Number of asset objects unloaded after import = 3

========================================================================
Received Import Request.
  Time since last request: 16.198549 seconds.
  path: Assets/TextMesh Pro/Examples & Extras/Resources/Fonts & Materials/Anton SDF - Drop Shadow.mat
  artifactKey: Guid(749b9069dc4742c5bfa5c74644049926) Importer(815301076,1909f56bfc062723c751e8b465ee728b)
Start importing Assets/TextMesh Pro/Examples & Extras/Resources/Fonts & Materials/Anton SDF - Drop Shadow.mat using Guid(749b9069dc4742c5bfa5c74644049926) Importer(815301076,1909f56bfc062723c751e8b465ee728b) (PreviewImporter) -> (artifact id: 'b0d9d70c862a93e12c692f2c437a0e56') in 0.2660372 seconds
Number of updated asset objects reloaded before import = 0Number of asset objects unloaded after import = 2

========================================================================
Received Import Request.
  Time since last request: 0.000030 seconds.
  path: Assets/TextMesh Pro/Examples & Extras/Resources/Fonts & Materials/Bangers SDF - Outline.mat
  artifactKey: Guid(f629c6e43dba4bf38cb74d8860150664) Importer(815301076,1909f56bfc062723c751e8b465ee728b)
Start importing Assets/TextMesh Pro/Examples & Extras/Resources/Fonts & Materials/Bangers SDF - Outline.mat using Guid(f629c6e43dba4bf38cb74d8860150664) Importer(815301076,1909f56bfc062723c751e8b465ee728b) (PreviewImporter) -> (artifact id: '2a8870cae90225396337a371cc06ee69') in 0.0217954 seconds
Number of updated asset objects reloaded before import = 0Number of asset objects unloaded after import = 2

========================================================================
Received Import Request.
  Time since last request: 0.000024 seconds.
  path: Assets/TextMesh Pro/Examples & Extras/Resources/Fonts & Materials/Bangers SDF Glow.mat
  artifactKey: Guid(d75b8f41e959450c84ac6e967084d3e1) Importer(815301076,1909f56bfc062723c751e8b465ee728b)
Start importing Assets/TextMesh Pro/Examples & Extras/Resources/Fonts & Materials/Bangers SDF Glow.mat using Guid(d75b8f41e959450c84ac6e967084d3e1) Importer(815301076,1909f56bfc062723c751e8b465ee728b) (PreviewImporter) -> (artifact id: 'd65033f88034037ffde6337cc4d497c1') in 0.0270749 seconds
Number of updated asset objects reloaded before import = 0Number of asset objects unloaded after import = 3

========================================================================
Received Import Request.
  Time since last request: 5.819407 seconds.
  path: Assets/TextMesh Pro/Examples & Extras/Textures/Fruit Jelly (B&W).jpg
  artifactKey: Guid(1cdc5b506b1a4a33a53c30669ced1f51) Importer(815301076,1909f56bfc062723c751e8b465ee728b)
Start importing Assets/TextMesh Pro/Examples & Extras/Textures/Fruit Jelly (B&W).jpg using Guid(1cdc5b506b1a4a33a53c30669ced1f51) Importer(815301076,1909f56bfc062723c751e8b465ee728b) (PreviewImporter) -> (artifact id: '45c843d96c50b9639a9fd118e0d025d6') in 0.0119433 seconds
Number of updated asset objects reloaded before import = 0Number of asset objects unloaded after import = 2

========================================================================
Received Import Request.
  Time since last request: 94.647069 seconds.
  path: Assets/Dark UI/Free/World.png
  artifactKey: Guid(cb0be92a1645a7c48a26aa4a8ebdb7d8) Importer(815301076,1909f56bfc062723c751e8b465ee728b)
Start importing Assets/Dark UI/Free/World.png using Guid(cb0be92a1645a7c48a26aa4a8ebdb7d8) Importer(815301076,1909f56bfc062723c751e8b465ee728b) (PreviewImporter) -> (artifact id: '87630c0f0fe27ca67ce571467e77f8e7') in 0.0133641 seconds
Number of updated asset objects reloaded before import = 0Number of asset objects unloaded after import = 3

========================================================================
Received Import Request.
  Time since last request: 0.014110 seconds.
  path: Assets/Dark UI/Free/Up BTN.png
  artifactKey: Guid(156c51bba7cc9d24496e86f11d08bbaf) Importer(815301076,1909f56bfc062723c751e8b465ee728b)
Start importing Assets/Dark UI/Free/Up BTN.png using Guid(156c51bba7cc9d24496e86f11d08bbaf) Importer(815301076,1909f56bfc062723c751e8b465ee728b) (PreviewImporter) -> (artifact id: 'f2877c1495e000b6e51c136694fcd96d') in 0.0138212 seconds
Number of updated asset objects reloaded before import = 0Number of asset objects unloaded after import = 3

========================================================================
Received Import Request.
  Time since last request: 0.160494 seconds.
  path: Assets/Dark UI/Free/Star.png
  artifactKey: Guid(58077e7d7c1f69e448677d19dddcbc9c) Importer(815301076,1909f56bfc062723c751e8b465ee728b)
Start importing Assets/Dark UI/Free/Star.png using Guid(58077e7d7c1f69e448677d19dddcbc9c) Importer(815301076,1909f56bfc062723c751e8b465ee728b) (PreviewImporter) -> (artifact id: '496eeec5edc8eedfd556c6e6f16b98ef') in 0.0127376 seconds
Number of updated asset objects reloaded before import = 0Number of asset objects unloaded after import = 3

========================================================================
Received Import Request.
  Time since last request: 0.000056 seconds.
  path: Assets/Dark UI/Free/Settings.png
  artifactKey: Guid(751a7b6d15a328547a14075f8adb0bb0) Importer(815301076,1909f56bfc062723c751e8b465ee728b)
Start importing Assets/Dark UI/Free/Settings.png using Guid(751a7b6d15a328547a14075f8adb0bb0) Importer(815301076,1909f56bfc062723c751e8b465ee728b) (PreviewImporter) -> (artifact id: '93236d5c838daa456dccbdb7c0731605') in 0.0114788 seconds
Number of updated asset objects reloaded before import = 0Number of asset objects unloaded after import = 3

========================================================================
Received Import Request.
  Time since last request: 0.000017 seconds.
  path: Assets/Dark UI/Free/Right BTN.png
  artifactKey: Guid(9dbc314d5e9a24d459a014d90696eb18) Importer(815301076,1909f56bfc062723c751e8b465ee728b)
Start importing Assets/Dark UI/Free/Right BTN.png using Guid(9dbc314d5e9a24d459a014d90696eb18) Importer(815301076,1909f56bfc062723c751e8b465ee728b) (PreviewImporter) -> (artifact id: '8a923d50c2d6bce3215a4167ff9b8372') in 0.0115659 seconds
Number of updated asset objects reloaded before import = 0Number of asset objects unloaded after import = 3

========================================================================
Received Import Request.
  Time since last request: 0.981479 seconds.
  path: Assets/Dark UI/Free/Facebook 2.png
  artifactKey: Guid(741fdffd863c9784990792a90548e1f2) Importer(815301076,1909f56bfc062723c751e8b465ee728b)
Start importing Assets/Dark UI/Free/Facebook 2.png using Guid(741fdffd863c9784990792a90548e1f2) Importer(815301076,1909f56bfc062723c751e8b465ee728b) (PreviewImporter) -> (artifact id: '023c80ba0797294c398f69c4102eb98c') in 0.0137063 seconds
Number of updated asset objects reloaded before import = 0Number of asset objects unloaded after import = 3

========================================================================
Received Import Request.
  Time since last request: 0.000019 seconds.
  path: Assets/Dark UI/Free/E.png
  artifactKey: Guid(8199e973785f2184594e575e5967e818) Importer(815301076,1909f56bfc062723c751e8b465ee728b)
Start importing Assets/Dark UI/Free/E.png using Guid(8199e973785f2184594e575e5967e818) Importer(815301076,1909f56bfc062723c751e8b465ee728b) (PreviewImporter) -> (artifact id: '8e7862b6734634122dab9d45b648182b') in 0.013944 seconds
Number of updated asset objects reloaded before import = 0Number of asset objects unloaded after import = 3

========================================================================
Received Import Request.
  Time since last request: 0.000019 seconds.
  path: Assets/Dark UI/Free/CIRCLE2PXLAR.png
  artifactKey: Guid(a05d49e5687fd3c4380912ac00e2db9c) Importer(815301076,1909f56bfc062723c751e8b465ee728b)
Start importing Assets/Dark UI/Free/CIRCLE2PXLAR.png using Guid(a05d49e5687fd3c4380912ac00e2db9c) Importer(815301076,1909f56bfc062723c751e8b465ee728b) (PreviewImporter) -> (artifact id: '802733f062e0ccae21b9cdbb05fe1154') in 0.0133915 seconds
Number of updated asset objects reloaded before import = 0Number of asset objects unloaded after import = 3

========================================================================
Received Import Request.
  Time since last request: 0.000035 seconds.
  path: Assets/Dark UI/Free/CIRCLE2PXSMALL.png
  artifactKey: Guid(9e64140fa412af443b31a21fedffc096) Importer(815301076,1909f56bfc062723c751e8b465ee728b)
Start importing Assets/Dark UI/Free/CIRCLE2PXSMALL.png using Guid(9e64140fa412af443b31a21fedffc096) Importer(815301076,1909f56bfc062723c751e8b465ee728b) (PreviewImporter) -> (artifact id: 'aac7aa804343c16318445972e5dff34d') in 0.011974 seconds
Number of updated asset objects reloaded before import = 0Number of asset objects unloaded after import = 3

========================================================================
Received Import Request.
  Time since last request: 0.000020 seconds.
  path: Assets/Dark UI/Free/Button_Medium_A.png
  artifactKey: Guid(f9fa9ebfa2606f840a23f0bb0ac882af) Importer(815301076,1909f56bfc062723c751e8b465ee728b)
Start importing Assets/Dark UI/Free/Button_Medium_A.png using Guid(f9fa9ebfa2606f840a23f0bb0ac882af) Importer(815301076,1909f56bfc062723c751e8b465ee728b) (PreviewImporter) -> (artifact id: 'd182b089af239adbeeb240e27a45b7fe') in 0.0108902 seconds
Number of updated asset objects reloaded before import = 0Number of asset objects unloaded after import = 3

========================================================================
Received Import Request.
  Time since last request: 0.000021 seconds.
  path: Assets/Dark UI/Free/Bell.png
  artifactKey: Guid(f004d321f2825c44d929e3d0f5844b8c) Importer(815301076,1909f56bfc062723c751e8b465ee728b)
Start importing Assets/Dark UI/Free/Bell.png using Guid(f004d321f2825c44d929e3d0f5844b8c) Importer(815301076,1909f56bfc062723c751e8b465ee728b) (PreviewImporter) -> (artifact id: 'dec318fc3ffae11e0ba0c9cb609edb47') in 0.0108295 seconds
Number of updated asset objects reloaded before import = 0Number of asset objects unloaded after import = 3

========================================================================
Received Import Request.
  Time since last request: 0.000019 seconds.
  path: Assets/Dark UI/Free/32 Light 2.png
  artifactKey: Guid(9c22439f7b2eadb41b70e5385d667660) Importer(815301076,1909f56bfc062723c751e8b465ee728b)
Start importing Assets/Dark UI/Free/32 Light 2.png using Guid(9c22439f7b2eadb41b70e5385d667660) Importer(815301076,1909f56bfc062723c751e8b465ee728b) (PreviewImporter) -> (artifact id: '72bc0973d77feb749cb478b1448ff387') in 0.0135185 seconds
Number of updated asset objects reloaded before import = 0Number of asset objects unloaded after import = 3

========================================================================
Received Import Request.
  Time since last request: 0.000022 seconds.
  path: Assets/Dark UI/Free/128 Light 2.png
  artifactKey: Guid(4c5a0d6878b96be4f9f82216b59eca51) Importer(815301076,1909f56bfc062723c751e8b465ee728b)
Start importing Assets/Dark UI/Free/128 Light 2.png using Guid(4c5a0d6878b96be4f9f82216b59eca51) Importer(815301076,1909f56bfc062723c751e8b465ee728b) (PreviewImporter) -> (artifact id: '13b14402ddf4210339e70ef28a4e9558') in 0.0127742 seconds
Number of updated asset objects reloaded before import = 0Number of asset objects unloaded after import = 3

========================================================================
Received Import Request.
  Time since last request: 0.000022 seconds.
  path: Assets/Dark UI/Free/32.png
  artifactKey: Guid(dcdc43f7a0ad67b4ab3e3db38233dfae) Importer(815301076,1909f56bfc062723c751e8b465ee728b)
Start importing Assets/Dark UI/Free/32.png using Guid(dcdc43f7a0ad67b4ab3e3db38233dfae) Importer(815301076,1909f56bfc062723c751e8b465ee728b) (PreviewImporter) -> (artifact id: '538605fcf98ea31b33318e4663222664') in 0.0149575 seconds
Number of updated asset objects reloaded before import = 0Number of asset objects unloaded after import = 3

========================================================================
Received Import Request.
  Time since last request: 0.000025 seconds.
  path: Assets/Dark UI/Free/64.png
  artifactKey: Guid(701e7ed4dde1bf949b30e33741547ac9) Importer(815301076,1909f56bfc062723c751e8b465ee728b)
Start importing Assets/Dark UI/Free/64.png using Guid(701e7ed4dde1bf949b30e33741547ac9) Importer(815301076,1909f56bfc062723c751e8b465ee728b) (PreviewImporter) -> (artifact id: '1b362af6bd8ccf2bf519837ddc3b8cf6') in 0.0139317 seconds
Number of updated asset objects reloaded before import = 0Number of asset objects unloaded after import = 3

========================================================================
Received Import Request.
  Time since last request: 0.000029 seconds.
  path: Assets/Dark UI/Free/Button_Large_A.png
  artifactKey: Guid(fee7cb0981897184ca8e254670a1d84f) Importer(815301076,1909f56bfc062723c751e8b465ee728b)
Start importing Assets/Dark UI/Free/Button_Large_A.png using Guid(fee7cb0981897184ca8e254670a1d84f) Importer(815301076,1909f56bfc062723c751e8b465ee728b) (PreviewImporter) -> (artifact id: 'b1b3337448cf3084a6eb910073980cce') in 0.0126275 seconds
Number of updated asset objects reloaded before import = 0Number of asset objects unloaded after import = 3

========================================================================
Received Import Request.
  Time since last request: 0.000023 seconds.
  path: Assets/Dark UI/Free/128.png
  artifactKey: Guid(87ea2079a91b3e74f84b5cb700abb4d6) Importer(815301076,1909f56bfc062723c751e8b465ee728b)
Start importing Assets/Dark UI/Free/128.png using Guid(87ea2079a91b3e74f84b5cb700abb4d6) Importer(815301076,1909f56bfc062723c751e8b465ee728b) (PreviewImporter) -> (artifact id: 'a2850901bc363be068270e74a68d2586') in 0.0135212 seconds
Number of updated asset objects reloaded before import = 0Number of asset objects unloaded after import = 3

========================================================================
Received Import Request.
  Time since last request: 0.000023 seconds.
  path: Assets/Dark UI/Free/BTN_Line_4PX_Medium.png
  artifactKey: Guid(b631b747eaea1bb40a188fdced546dd2) Importer(815301076,1909f56bfc062723c751e8b465ee728b)
Start importing Assets/Dark UI/Free/BTN_Line_4PX_Medium.png using Guid(b631b747eaea1bb40a188fdced546dd2) Importer(815301076,1909f56bfc062723c751e8b465ee728b) (PreviewImporter) -> (artifact id: '84cd48ef912fce36b43bee8acdb7dea4') in 0.0205764 seconds
Number of updated asset objects reloaded before import = 0Number of asset objects unloaded after import = 3

========================================================================
Received Import Request.
  Time since last request: 0.000100 seconds.
  path: Assets/Dark UI/Free/ButtonSmallRound.png
  artifactKey: Guid(04c64e19d8f8f0140837c8a6b21c358d) Importer(815301076,1909f56bfc062723c751e8b465ee728b)
Start importing Assets/Dark UI/Free/ButtonSmallRound.png using Guid(04c64e19d8f8f0140837c8a6b21c358d) Importer(815301076,1909f56bfc062723c751e8b465ee728b) (PreviewImporter) -> (artifact id: 'f1c5af1809d53274d605e15f0bfd1542') in 0.0119655 seconds
Number of updated asset objects reloaded before import = 0Number of asset objects unloaded after import = 3

========================================================================
Received Import Request.
  Time since last request: 0.000020 seconds.
  path: Assets/Dark UI/Free/ButtonMediumRound.png
  artifactKey: Guid(9c3fb1e6eb7fc9745b3bba559360321f) Importer(815301076,1909f56bfc062723c751e8b465ee728b)
Start importing Assets/Dark UI/Free/ButtonMediumRound.png using Guid(9c3fb1e6eb7fc9745b3bba559360321f) Importer(815301076,1909f56bfc062723c751e8b465ee728b) (PreviewImporter) -> (artifact id: '28452627252b4f3e5be8c34cab5ac877') in 0.0123552 seconds
Number of updated asset objects reloaded before import = 0Number of asset objects unloaded after import = 3

========================================================================
Received Import Request.
  Time since last request: 0.000023 seconds.
  path: Assets/Dark UI/Free/CIRCLE4PXLAR.png
  artifactKey: Guid(1d02c027313a6514a849aa45aed65be6) Importer(815301076,1909f56bfc062723c751e8b465ee728b)
Start importing Assets/Dark UI/Free/CIRCLE4PXLAR.png using Guid(1d02c027313a6514a849aa45aed65be6) Importer(815301076,1909f56bfc062723c751e8b465ee728b) (PreviewImporter) -> (artifact id: '3121d87096e8c2d3c28c858d0a0165e5') in 0.013891 seconds
Number of updated asset objects reloaded before import = 0Number of asset objects unloaded after import = 3

========================================================================
Received Import Request.
  Time since last request: 0.000021 seconds.
  path: Assets/Dark UI/Free/Coin.png
  artifactKey: Guid(2e43f0691f0d7404eae8d01381da65a0) Importer(815301076,1909f56bfc062723c751e8b465ee728b)
Start importing Assets/Dark UI/Free/Coin.png using Guid(2e43f0691f0d7404eae8d01381da65a0) Importer(815301076,1909f56bfc062723c751e8b465ee728b) (PreviewImporter) -> (artifact id: '4d442f1dbc01b593a26b6dc6fbb95238') in 0.0126192 seconds
Number of updated asset objects reloaded before import = 0Number of asset objects unloaded after import = 3

========================================================================
Received Import Request.
  Time since last request: 0.000027 seconds.
  path: Assets/Dark UI/Free/BTN_Line_4PX_Large.png
  artifactKey: Guid(c5c79f69909c16942b803f137f3ca0eb) Importer(815301076,1909f56bfc062723c751e8b465ee728b)
Start importing Assets/Dark UI/Free/BTN_Line_4PX_Large.png using Guid(c5c79f69909c16942b803f137f3ca0eb) Importer(815301076,1909f56bfc062723c751e8b465ee728b) (PreviewImporter) -> (artifact id: '3e25efa15bcf8a0650601dbcc35e7dd6') in 0.0118495 seconds
Number of updated asset objects reloaded before import = 0Number of asset objects unloaded after import = 3

========================================================================
Received Import Request.
  Time since last request: 0.000020 seconds.
  path: Assets/Dark UI/Free/BTN_A1.png
  artifactKey: Guid(604d5ed6f532a5146bf48201437881ee) Importer(815301076,1909f56bfc062723c751e8b465ee728b)
Start importing Assets/Dark UI/Free/BTN_A1.png using Guid(604d5ed6f532a5146bf48201437881ee) Importer(815301076,1909f56bfc062723c751e8b465ee728b) (PreviewImporter) -> (artifact id: 'dcac9e912804da97107a5d45c22de9d7') in 0.0126427 seconds
Number of updated asset objects reloaded before import = 0Number of asset objects unloaded after import = 3

========================================================================
Received Import Request.
  Time since last request: 0.000018 seconds.
  path: Assets/Dark UI/Free/BTN_Line_4PX_Small.png
  artifactKey: Guid(a2d6a7e9df0789d4eaf8dbbac47eb1f6) Importer(815301076,1909f56bfc062723c751e8b465ee728b)
Start importing Assets/Dark UI/Free/BTN_Line_4PX_Small.png using Guid(a2d6a7e9df0789d4eaf8dbbac47eb1f6) Importer(815301076,1909f56bfc062723c751e8b465ee728b) (PreviewImporter) -> (artifact id: '172426b95a07956616bcd0910b5ac5ba') in 0.0134025 seconds
Number of updated asset objects reloaded before import = 0Number of asset objects unloaded after import = 3

========================================================================
Received Import Request.
  Time since last request: 0.000017 seconds.
  path: Assets/Dark UI/Free/F.png
  artifactKey: Guid(0fe7093e9bd11cb43b64578a75562ba3) Importer(815301076,1909f56bfc062723c751e8b465ee728b)
Start importing Assets/Dark UI/Free/F.png using Guid(0fe7093e9bd11cb43b64578a75562ba3) Importer(815301076,1909f56bfc062723c751e8b465ee728b) (PreviewImporter) -> (artifact id: 'c710ba65ce30d914063bf07433ca0ee8') in 0.0114124 seconds
Number of updated asset objects reloaded before import = 0Number of asset objects unloaded after import = 3

========================================================================
Received Import Request.
  Time since last request: 0.000022 seconds.
  path: Assets/Dark UI/Free/ButtonLargeRound.png
  artifactKey: Guid(ac9e02ea18781ab459dd5feca42c0db1) Importer(815301076,1909f56bfc062723c751e8b465ee728b)
Start importing Assets/Dark UI/Free/ButtonLargeRound.png using Guid(ac9e02ea18781ab459dd5feca42c0db1) Importer(815301076,1909f56bfc062723c751e8b465ee728b) (PreviewImporter) -> (artifact id: '7441412dff9fa047508770bee821d1b4') in 0.0119979 seconds
Number of updated asset objects reloaded before import = 0Number of asset objects unloaded after import = 3

Editor requested this worker to shutdown with reason: Scaling down because of idle timeout
AssetImportWorkerClient::OnTransportError - code=2 error=End of file
AssetImportWorker is now disconnected from the server
Process exiting
Exiting without the bug reporter. Application will terminate with return code 0